"S:/Users/Flubz/Documents/_Flubz/Unreal Projects/LD45/Content/_Alex/Blueprints/HUD/Pause_HUD.uasset" 0
"S:/Users/Flubz/Documents/_Flubz/Unreal Projects/LD45/Content/_Alex/Blueprints/AlexPlayerController.uasset" 1
"S:/Users/Flubz/Documents/_Flubz/Unreal Projects/LD45/Content/_Alex/Blueprints/AlexGameMode.uasset" 2
"S:/Users/Flubz/Documents/_Flubz/Unreal Projects/LD45/Content/_Alex/Blueprints/PauseFunction.uasset" 3
"S:/Users/Flubz/Documents/_Flubz/Unreal Projects/LD45/Content/_Tom/Models/NPC1_Skeleton.uasset" 4
"S:/Users/Flubz/Documents/_Flubz/Unreal Projects/LD45/Content/_Tom/Models/Idle1_Anim.uasset" 5
"S:/Users/Flubz/Documents/_Flubz/Unreal Projects/LD45/Content/_Flubz/Blueprints/Customer/BA_CustomerAnim.uasset" 6
"S:/Users/Flubz/Documents/_Flubz/Unreal Projects/LD45/Content/_Tom/Models/NPC2_Skeleton.uasset" 7
"S:/Users/Flubz/Documents/_Flubz/Unreal Projects/LD45/Content/_Tom/Models/Idle2_Anim.uasset" 8
"S:/Users/Flubz/Documents/_Flubz/Unreal Projects/LD45/Content/_Flubz/Blueprints/Customer/BA_CustomerAnim2.uasset" 9
"../../../Engine/Content/EditorBlueprintResources/StandardMacros.uasset" 10
"S:/Users/Flubz/Documents/_Flubz/Unreal Projects/LD45/Content/_Flubz/Blueprints/BP_ExitLocation.uasset" 11
"S:/Users/Flubz/Documents/_Flubz/Unreal Projects/LD45/Content/_Flubz/Blueprints/BP_FoodStall.uasset" 12
"S:/Users/Flubz/Documents/_Flubz/Unreal Projects/LD45/Content/_Flubz/Blueprints/BP_Sandwichpart.uasset" 13
"S:/Users/Flubz/Documents/_Flubz/Unreal Projects/LD45/Content/_Flubz/Blueprints/BP_SandwichSpawnLocation.uasset" 14
"../../../Engine/Content/BasicShapes/BasicShapeMaterial.uasset" 15
"../../../Engine/Content/Functions/Engine_MaterialFunctions01/Opacity/CameraDepthFade.uasset" 16
"../../../Engine/Content/EngineMaterials/T_Default_Material_Grid_M.uasset" 17
"../../../Engine/Content/EngineMaterials/T_Default_Material_Grid_N.uasset" 18
"../../../Engine/Content/EngineMaterials/DefaultMaterial.uasset" 19
"../../../Engine/Content/BasicShapes/Sphere.uasset" 20
"S:/Users/Flubz/Documents/_Flubz/Unreal Projects/LD45/Content/_Flubz/Blueprints/Customer/BP_CustomerSpawner.uasset" 21
"S:/Users/Flubz/Documents/_Flubz/Unreal Projects/LD45/Content/_Flubz/Blueprints/Game/Items/ItemEditabilities/DA_Damage0.uasset" 22
"S:/Users/Flubz/Documents/_Flubz/Unreal Projects/LD45/Content/_Fran/Icons/Bacon.uasset" 23
"S:/Users/Flubz/Documents/_Flubz/Unreal Projects/LD45/Content/_Fran/Materials/Meat/Meat_AO.uasset" 24
"S:/Users/Flubz/Documents/_Flubz/Unreal Projects/LD45/Content/_Fran/Materials/Meat/Meat_BaseColor.uasset" 25
"S:/Users/Flubz/Documents/_Flubz/Unreal Projects/LD45/Content/_Fran/Materials/Meat/Meat_MAT.uasset" 26
"S:/Users/Flubz/Documents/_Flubz/Unreal Projects/LD45/Content/_Fran/Models/Bacon.uasset" 27
"S:/Users/Flubz/Documents/_Flubz/Unreal Projects/LD45/Content/_Flubz/Blueprints/Game/Items/ITEM_Bacon.uasset" 28
"S:/Users/Flubz/Documents/_Flubz/Unreal Projects/LD45/Content/_Flubz/Blueprints/Game/Items/ItemEditabilities/DA_Damage1.uasset" 29
"S:/Users/Flubz/Documents/_Flubz/Unreal Projects/LD45/Content/_Fran/Icons/BakingSoda.uasset" 30
"S:/Users/Flubz/Documents/_Flubz/Unreal Projects/LD45/Content/_Fran/Materials/Bottles/Bottles_AO.uasset" 31
"S:/Users/Flubz/Documents/_Flubz/Unreal Projects/LD45/Content/_Fran/Materials/Bottles/Bottles_BaseColor.uasset" 32
"S:/Users/Flubz/Documents/_Flubz/Unreal Projects/LD45/Content/_Fran/Materials/Bottles/Bottles_MAT.uasset" 33
"S:/Users/Flubz/Documents/_Flubz/Unreal Projects/LD45/Content/_Fran/Models/BakingSoda.uasset" 34
"S:/Users/Flubz/Documents/_Flubz/Unreal Projects/LD45/Content/_Flubz/Blueprints/Game/Items/ITEM_BakingSoda.uasset" 35
"S:/Users/Flubz/Documents/_Flubz/Unreal Projects/LD45/Content/_Flubz/Blueprints/Game/Items/ItemEditabilities/DA_Damage5.uasset" 36
"S:/Users/Flubz/Documents/_Flubz/Unreal Projects/LD45/Content/_Fran/Icons/Bleach.uasset" 37
"S:/Users/Flubz/Documents/_Flubz/Unreal Projects/LD45/Content/_Fran/Models/Bleach.uasset" 38
"S:/Users/Flubz/Documents/_Flubz/Unreal Projects/LD45/Content/_Flubz/Blueprints/Game/Items/ITEM_Bleach.uasset" 39
"S:/Users/Flubz/Documents/_Flubz/Unreal Projects/LD45/Content/_Fran/Icons/Bread.uasset" 40
"S:/Users/Flubz/Documents/_Flubz/Unreal Projects/LD45/Content/_Fran/Materials/RandomFood/Random_AO.uasset" 41
"S:/Users/Flubz/Documents/_Flubz/Unreal Projects/LD45/Content/_Fran/Materials/RandomFood/Random_BaseColor.uasset" 42
"S:/Users/Flubz/Documents/_Flubz/Unreal Projects/LD45/Content/_Fran/Materials/RandomFood/RandomFood_MAT.uasset" 43
"S:/Users/Flubz/Documents/_Flubz/Unreal Projects/LD45/Content/_Fran/Models/Bread.uasset" 44
"S:/Users/Flubz/Documents/_Flubz/Unreal Projects/LD45/Content/_Flubz/Blueprints/Game/Items/ITEM_Bread.uasset" 45
"S:/Users/Flubz/Documents/_Flubz/Unreal Projects/LD45/Content/_Flubz/Blueprints/Game/Items/ItemEditabilities/DA_Damage2.uasset" 46
"S:/Users/Flubz/Documents/_Flubz/Unreal Projects/LD45/Content/_Fran/Icons/Cardboard.uasset" 47
"S:/Users/Flubz/Documents/_Flubz/Unreal Projects/LD45/Content/_Fran/Models/Cardboard.uasset" 48
"S:/Users/Flubz/Documents/_Flubz/Unreal Projects/LD45/Content/_Flubz/Blueprints/Game/Items/ITEM_Cardboard.uasset" 49
"S:/Users/Flubz/Documents/_Flubz/Unreal Projects/LD45/Content/_Fran/Icons/Cheese.uasset" 50
"S:/Users/Flubz/Documents/_Flubz/Unreal Projects/LD45/Content/_Fran/Models/Cheese.uasset" 51
"S:/Users/Flubz/Documents/_Flubz/Unreal Projects/LD45/Content/_Flubz/Blueprints/Game/Items/ITEM_Cheese.uasset" 52
"S:/Users/Flubz/Documents/_Flubz/Unreal Projects/LD45/Content/_Fran/Icons/Chicken.uasset" 53
"S:/Users/Flubz/Documents/_Flubz/Unreal Projects/LD45/Content/_Fran/Models/Chicken.uasset" 54
"S:/Users/Flubz/Documents/_Flubz/Unreal Projects/LD45/Content/_Flubz/Blueprints/Game/Items/ITEM_Chicken.uasset" 55
"S:/Users/Flubz/Documents/_Flubz/Unreal Projects/LD45/Content/_Fran/Icons/ChocolateSpread.uasset" 56
"S:/Users/Flubz/Documents/_Flubz/Unreal Projects/LD45/Content/_Fran/Materials/Text/NeedsText_AO.uasset" 57
"S:/Users/Flubz/Documents/_Flubz/Unreal Projects/LD45/Content/_Fran/Materials/Text/NeedsText_BaseColor.uasset" 58
"S:/Users/Flubz/Documents/_Flubz/Unreal Projects/LD45/Content/_Fran/Materials/Text/FoodText_MAT.uasset" 59
"S:/Users/Flubz/Documents/_Flubz/Unreal Projects/LD45/Content/_Fran/Models/ChocolateSpread.uasset" 60
"S:/Users/Flubz/Documents/_Flubz/Unreal Projects/LD45/Content/_Flubz/Blueprints/Game/Items/ITEM_Chocolate.uasset" 61
"S:/Users/Flubz/Documents/_Flubz/Unreal Projects/LD45/Content/_Flubz/Blueprints/Game/Items/ItemEditabilities/DA_Damage4.uasset" 62
"S:/Users/Flubz/Documents/_Flubz/Unreal Projects/LD45/Content/_Alex/Materials/Brown.uasset" 63
"S:/Users/Flubz/Documents/_Flubz/Unreal Projects/LD45/Content/_Alex/Models/DogPoop.uasset" 64
"S:/Users/Flubz/Documents/_Flubz/Unreal Projects/LD45/Content/_Fran/Icons/Poop.uasset" 65
"S:/Users/Flubz/Documents/_Flubz/Unreal Projects/LD45/Content/_Flubz/Blueprints/Game/Items/ITEM_DogPoop.uasset" 66
"S:/Users/Flubz/Documents/_Flubz/Unreal Projects/LD45/Content/_Fran/Icons/Egg.uasset" 67
"S:/Users/Flubz/Documents/_Flubz/Unreal Projects/LD45/Content/_Fran/Models/Egg.uasset" 68
"S:/Users/Flubz/Documents/_Flubz/Unreal Projects/LD45/Content/_Flubz/Blueprints/Game/Items/ITEM_Egg.uasset" 69
"S:/Users/Flubz/Documents/_Flubz/Unreal Projects/LD45/Content/_Fran/Icons/FabricSoftener.uasset" 70
"S:/Users/Flubz/Documents/_Flubz/Unreal Projects/LD45/Content/_Fran/Models/FabricSoftener.uasset" 71
"S:/Users/Flubz/Documents/_Flubz/Unreal Projects/LD45/Content/_Flubz/Blueprints/Game/Items/ITEM_FabricSoftner.uasset" 72
"S:/Users/Flubz/Documents/_Flubz/Unreal Projects/LD45/Content/_Fran/Icons/Ham.uasset" 73
"S:/Users/Flubz/Documents/_Flubz/Unreal Projects/LD45/Content/_Fran/Models/Ham.uasset" 74
"S:/Users/Flubz/Documents/_Flubz/Unreal Projects/LD45/Content/_Flubz/Blueprints/Game/Items/ITEM_Ham.uasset" 75
"S:/Users/Flubz/Documents/_Flubz/Unreal Projects/LD45/Content/_Alex/Materials/Red.uasset" 76
"S:/Users/Flubz/Documents/_Flubz/Unreal Projects/LD45/Content/_Alex/Models/Ketchup.uasset" 77
"S:/Users/Flubz/Documents/_Flubz/Unreal Projects/LD45/Content/_Fran/Icons/Ketchup.uasset" 78
"S:/Users/Flubz/Documents/_Flubz/Unreal Projects/LD45/Content/_Flubz/Blueprints/Game/Items/ITEM_Ketchup.uasset" 79
"S:/Users/Flubz/Documents/_Flubz/Unreal Projects/LD45/Content/_Fran/Icons/Mayo.uasset" 80
"S:/Users/Flubz/Documents/_Flubz/Unreal Projects/LD45/Content/_Fran/Models/Mayo.uasset" 81
"S:/Users/Flubz/Documents/_Flubz/Unreal Projects/LD45/Content/_Flubz/Blueprints/Game/Items/ITEM_Mayo.uasset" 82
"S:/Users/Flubz/Documents/_Flubz/Unreal Projects/LD45/Content/_Fran/Icons/Mouthwash.uasset" 83
"S:/Users/Flubz/Documents/_Flubz/Unreal Projects/LD45/Content/_Fran/Models/Mouthwash.uasset" 84
"S:/Users/Flubz/Documents/_Flubz/Unreal Projects/LD45/Content/_Flubz/Blueprints/Game/Items/ITEM_Mouthwash.uasset" 85
"S:/Users/Flubz/Documents/_Flubz/Unreal Projects/LD45/Content/_Alex/Materials/Yellow.uasset" 86
"S:/Users/Flubz/Documents/_Flubz/Unreal Projects/LD45/Content/_Alex/Models/Mustard.uasset" 87
"S:/Users/Flubz/Documents/_Flubz/Unreal Projects/LD45/Content/_Fran/Icons/Mustard.uasset" 88
"S:/Users/Flubz/Documents/_Flubz/Unreal Projects/LD45/Content/_Flubz/Blueprints/Game/Items/ITEM_Mustard.uasset" 89
"S:/Users/Flubz/Documents/_Flubz/Unreal Projects/LD45/Content/_Fran/Icons/Onion.uasset" 90
"S:/Users/Flubz/Documents/_Flubz/Unreal Projects/LD45/Content/_Fran/Materials/Random02/Random02_AO.uasset" 91
"S:/Users/Flubz/Documents/_Flubz/Unreal Projects/LD45/Content/_Fran/Materials/Random02/Random02_BaseColor.uasset" 92
"S:/Users/Flubz/Documents/_Flubz/Unreal Projects/LD45/Content/_Fran/Materials/Random02/Random02_MAT.uasset" 93
"S:/Users/Flubz/Documents/_Flubz/Unreal Projects/LD45/Content/_Fran/Models/Onion.uasset" 94
"S:/Users/Flubz/Documents/_Flubz/Unreal Projects/LD45/Content/_Flubz/Blueprints/Game/Items/ITEM_Onion.uasset" 95
"S:/Users/Flubz/Documents/_Flubz/Unreal Projects/LD45/Content/_Fran/Icons/Paperclip.uasset" 96
"S:/Users/Flubz/Documents/_Flubz/Unreal Projects/LD45/Content/_Fran/Models/Paperclip.uasset" 97
"S:/Users/Flubz/Documents/_Flubz/Unreal Projects/LD45/Content/_Flubz/Blueprints/Game/Items/ITEM_PapperClip.uasset" 98
"S:/Users/Flubz/Documents/_Flubz/Unreal Projects/LD45/Content/_Fran/Icons/Pepper.uasset" 99
"S:/Users/Flubz/Documents/_Flubz/Unreal Projects/LD45/Content/_Fran/Models/Pepper.uasset" 100
"S:/Users/Flubz/Documents/_Flubz/Unreal Projects/LD45/Content/_Flubz/Blueprints/Game/Items/ITEM_Pepper.uasset" 101
"S:/Users/Flubz/Documents/_Flubz/Unreal Projects/LD45/Content/_Alex/Models/Black.uasset" 102
"S:/Users/Flubz/Documents/_Flubz/Unreal Projects/LD45/Content/_Alex/Models/Petrol.uasset" 103
"S:/Users/Flubz/Documents/_Flubz/Unreal Projects/LD45/Content/_Fran/Icons/Petrol.uasset" 104
"S:/Users/Flubz/Documents/_Flubz/Unreal Projects/LD45/Content/_Flubz/Blueprints/Game/Items/ITEM_Petrol.uasset" 105
"S:/Users/Flubz/Documents/_Flubz/Unreal Projects/LD45/Content/_Fran/Icons/PlayDoh.uasset" 106
"S:/Users/Flubz/Documents/_Flubz/Unreal Projects/LD45/Content/_Fran/Models/Playdoh.uasset" 107
"S:/Users/Flubz/Documents/_Flubz/Unreal Projects/LD45/Content/_Flubz/Blueprints/Game/Items/ITEM_PlayDoh.uasset" 108
"S:/Users/Flubz/Documents/_Flubz/Unreal Projects/LD45/Content/_Flubz/Blueprints/Game/Items/ItemEditabilities/DA_Damage3.uasset" 109
"S:/Users/Flubz/Documents/_Flubz/Unreal Projects/LD45/Content/_Alex/Models/Green.uasset" 110
"S:/Users/Flubz/Documents/_Flubz/Unreal Projects/LD45/Content/_Alex/Models/LightOrange.uasset" 111
"S:/Users/Flubz/Documents/_Flubz/Unreal Projects/LD45/Content/_Alex/Models/PottedPlant.uasset" 112
"S:/Users/Flubz/Documents/_Flubz/Unreal Projects/LD45/Content/_Fran/Icons/PottedPlant.uasset" 113
"S:/Users/Flubz/Documents/_Flubz/Unreal Projects/LD45/Content/_Flubz/Blueprints/Game/Items/ITEM_PottedPlant.uasset" 114
"S:/Users/Flubz/Documents/_Flubz/Unreal Projects/LD45/Content/_Alex/Models/Pumpkin.uasset" 115
"S:/Users/Flubz/Documents/_Flubz/Unreal Projects/LD45/Content/_Fran/Icons/Pumpkin.uasset" 116
"S:/Users/Flubz/Documents/_Flubz/Unreal Projects/LD45/Content/_Flubz/Blueprints/Game/Items/ITEM_Pumpkin.uasset" 117
"S:/Users/Flubz/Documents/_Flubz/Unreal Projects/LD45/Content/_Fran/Icons/PVA.uasset" 118
"S:/Users/Flubz/Documents/_Flubz/Unreal Projects/LD45/Content/_Fran/Materials/FoodStall/FoodStand_AO.uasset" 119
"S:/Users/Flubz/Documents/_Flubz/Unreal Projects/LD45/Content/_Fran/Materials/FoodStall/FoodStand_BaseColor.uasset" 120
"S:/Users/Flubz/Documents/_Flubz/Unreal Projects/LD45/Content/_Fran/Materials/FoodStall/FoodStall_MAT.uasset" 121
"S:/Users/Flubz/Documents/_Flubz/Unreal Projects/LD45/Content/_Fran/Models/PVA.uasset" 122
"S:/Users/Flubz/Documents/_Flubz/Unreal Projects/LD45/Content/_Flubz/Blueprints/Game/Items/ITEM_PVA.uasset" 123
"S:/Users/Flubz/Documents/_Flubz/Unreal Projects/LD45/Content/_Fran/Icons/RatPoison.uasset" 124
"S:/Users/Flubz/Documents/_Flubz/Unreal Projects/LD45/Content/_Fran/Models/RatPoison.uasset" 125
"S:/Users/Flubz/Documents/_Flubz/Unreal Projects/LD45/Content/_Flubz/Blueprints/Game/Items/ITEM_RatPoison.uasset" 126
"S:/Users/Flubz/Documents/_Flubz/Unreal Projects/LD45/Content/_Alex/Materials/Silver.uasset" 127
"S:/Users/Flubz/Documents/_Flubz/Unreal Projects/LD45/Content/_Alex/Models/PaintCanRed.uasset" 128
"S:/Users/Flubz/Documents/_Flubz/Unreal Projects/LD45/Content/_Fran/Icons/RedPaint.uasset" 129
"S:/Users/Flubz/Documents/_Flubz/Unreal Projects/LD45/Content/_Flubz/Blueprints/Game/Items/ITEM_RedPaint.uasset" 130
"S:/Users/Flubz/Documents/_Flubz/Unreal Projects/LD45/Content/_Fran/Icons/Rubber.uasset" 131
"S:/Users/Flubz/Documents/_Flubz/Unreal Projects/LD45/Content/_Fran/Models/Rubber.uasset" 132
"S:/Users/Flubz/Documents/_Flubz/Unreal Projects/LD45/Content/_Flubz/Blueprints/Game/Items/ITEM_Rubber.uasset" 133
"S:/Users/Flubz/Documents/_Flubz/Unreal Projects/LD45/Content/_Fran/Icons/Salt.uasset" 134
"S:/Users/Flubz/Documents/_Flubz/Unreal Projects/LD45/Content/_Fran/Models/Salt.uasset" 135
"S:/Users/Flubz/Documents/_Flubz/Unreal Projects/LD45/Content/_Flubz/Blueprints/Game/Items/ITEM_Salt.uasset" 136
"S:/Users/Flubz/Documents/_Flubz/Unreal Projects/LD45/Content/_Fran/Icons/Sausage.uasset" 137
"S:/Users/Flubz/Documents/_Flubz/Unreal Projects/LD45/Content/_Fran/Models/Sausage.uasset" 138
"S:/Users/Flubz/Documents/_Flubz/Unreal Projects/LD45/Content/_Flubz/Blueprints/Game/Items/ITEM_Sausage.uasset" 139
"S:/Users/Flubz/Documents/_Flubz/Unreal Projects/LD45/Content/_Fran/Icons/Screws.uasset" 140
"S:/Users/Flubz/Documents/_Flubz/Unreal Projects/LD45/Content/_Fran/Models/Screw.uasset" 141
"S:/Users/Flubz/Documents/_Flubz/Unreal Projects/LD45/Content/_Flubz/Blueprints/Game/Items/ITEM_Screws.uasset" 142
"S:/Users/Flubz/Documents/_Flubz/Unreal Projects/LD45/Content/_Fran/Icons/Shampoo.uasset" 143
"S:/Users/Flubz/Documents/_Flubz/Unreal Projects/LD45/Content/_Fran/Models/Shampoo.uasset" 144
"S:/Users/Flubz/Documents/_Flubz/Unreal Projects/LD45/Content/_Flubz/Blueprints/Game/Items/ITEM_Shampoo.uasset" 145
"S:/Users/Flubz/Documents/_Flubz/Unreal Projects/LD45/Content/_Fran/Icons/SlugRepellent.uasset" 146
"S:/Users/Flubz/Documents/_Flubz/Unreal Projects/LD45/Content/_Fran/Models/SlugRepellent.uasset" 147
"S:/Users/Flubz/Documents/_Flubz/Unreal Projects/LD45/Content/_Flubz/Blueprints/Game/Items/ITEM_SlugRepellent.uasset" 148
"S:/Users/Flubz/Documents/_Flubz/Unreal Projects/LD45/Content/_Fran/Icons/Soap.uasset" 149
"S:/Users/Flubz/Documents/_Flubz/Unreal Projects/LD45/Content/_Fran/Models/Soap.uasset" 150
"S:/Users/Flubz/Documents/_Flubz/Unreal Projects/LD45/Content/_Flubz/Blueprints/Game/Items/ITEM_Soap.uasset" 151
"S:/Users/Flubz/Documents/_Flubz/Unreal Projects/LD45/Content/_Fran/Icons/Sponge.uasset" 152
"S:/Users/Flubz/Documents/_Flubz/Unreal Projects/LD45/Content/_Fran/Models/Sponge.uasset" 153
"S:/Users/Flubz/Documents/_Flubz/Unreal Projects/LD45/Content/_Flubz/Blueprints/Game/Items/ITEM_Sponge.uasset" 154
"S:/Users/Flubz/Documents/_Flubz/Unreal Projects/LD45/Content/_Alex/Models/DarkBlue.uasset" 155
"S:/Users/Flubz/Documents/_Flubz/Unreal Projects/LD45/Content/_Alex/Models/TidePod.uasset" 156
"S:/Users/Flubz/Documents/_Flubz/Unreal Projects/LD45/Content/_Fran/Icons/TidePod.uasset" 157
"S:/Users/Flubz/Documents/_Flubz/Unreal Projects/LD45/Content/_Flubz/Blueprints/Game/Items/ITEM_TidePod.uasset" 158
"S:/Users/Flubz/Documents/_Flubz/Unreal Projects/LD45/Content/_Fran/Icons/ToiletCleaner.uasset" 159
"S:/Users/Flubz/Documents/_Flubz/Unreal Projects/LD45/Content/_Fran/Models/ToiletCleaner.uasset" 160
"S:/Users/Flubz/Documents/_Flubz/Unreal Projects/LD45/Content/_Flubz/Blueprints/Game/Items/ITEM_ToiletCleaner.uasset" 161
"S:/Users/Flubz/Documents/_Flubz/Unreal Projects/LD45/Content/_Fran/Icons/Toothpaste.uasset" 162
"S:/Users/Flubz/Documents/_Flubz/Unreal Projects/LD45/Content/_Fran/Models/Toothpaste.uasset" 163
"S:/Users/Flubz/Documents/_Flubz/Unreal Projects/LD45/Content/_Flubz/Blueprints/Game/Items/ITEM_Toothpaste.uasset" 164
"S:/Users/Flubz/Documents/_Flubz/Unreal Projects/LD45/Content/_Fran/Icons/Tuna.uasset" 165
"S:/Users/Flubz/Documents/_Flubz/Unreal Projects/LD45/Content/_Fran/Models/Tuna.uasset" 166
"S:/Users/Flubz/Documents/_Flubz/Unreal Projects/LD45/Content/_Flubz/Blueprints/Game/Items/ITEM_Tuna.uasset" 167
"S:/Users/Flubz/Documents/_Flubz/Unreal Projects/LD45/Content/_Fran/Icons/Cigs.uasset" 168
"S:/Users/Flubz/Documents/_Flubz/Unreal Projects/LD45/Content/_Fran/Models/Cigs.uasset" 169
"S:/Users/Flubz/Documents/_Flubz/Unreal Projects/LD45/Content/_Flubz/Blueprints/Game/Items/ITEM_UsedCigarette.uasset" 170
"S:/Users/Flubz/Documents/_Flubz/Unreal Projects/LD45/Content/_Alex/Models/PaintCanYellow.uasset" 171
"S:/Users/Flubz/Documents/_Flubz/Unreal Projects/LD45/Content/_Fran/Icons/Yellow_Paint.uasset" 172
"S:/Users/Flubz/Documents/_Flubz/Unreal Projects/LD45/Content/_Flubz/Blueprints/Game/Items/ITEM_YelowPaint.uasset" 173
"S:/Users/Flubz/Documents/_Flubz/Unreal Projects/LD45/Content/_Flubz/Fonts/Bangers-Regular.uasset" 174
"S:/Users/Flubz/Documents/_Flubz/Unreal Projects/LD45/Content/_Flubz/Fonts/Bangers-Regular_Font.uasset" 175
"../../../Engine/Content/EngineResources/WhiteSquareTexture.uasset" 176
"S:/Users/Flubz/Documents/_Flubz/Unreal Projects/LD45/Content/_Flubz/Blueprints/Widgets/WBP_GenericButton.uasset" 177
"S:/Users/Flubz/Documents/_Flubz/Unreal Projects/LD45/Content/_Flubz/Blueprints/Widgets/WBP_EndScreen.uasset" 178
"S:/Users/Flubz/Documents/_Flubz/Unreal Projects/LD45/Content/_Flubz/Blueprints/Widgets/WBP_ItemTooltip.uasset" 179
"S:/Users/Flubz/Documents/_Flubz/Unreal Projects/LD45/Content/_Flubz/Blueprints/Widgets/WBP_Item.uasset" 180
"S:/Users/Flubz/Documents/_Flubz/Unreal Projects/LD45/Content/_Flubz/Blueprints/Widgets/WBP_InventoryTab.uasset" 181
"S:/Users/Flubz/Documents/_Flubz/Unreal Projects/LD45/Content/_Flubz/Blueprints/Widgets/WBP_InventoryMenu.uasset" 182
"S:/Users/Flubz/Documents/_Flubz/Unreal Projects/LD45/Content/_Flubz/Blueprints/Widgets/WBP_StatusPanel.uasset" 183
"S:/Users/Flubz/Documents/_Flubz/Unreal Projects/LD45/Content/_Flubz/Blueprints/Widgets/WBP_GameHUD.uasset" 184
"S:/Users/Flubz/Documents/_Flubz/Unreal Projects/LD45/Content/_Flubz/Blueprints/Widgets/WBP_MainMenu.uasset" 185
"S:/Users/Flubz/Documents/_Flubz/Unreal Projects/LD45/Content/_Flubz/Blueprints/Widgets/WBP_PauseMenu.uasset" 186
"S:/Users/Flubz/Documents/_Flubz/Unreal Projects/LD45/Content/_Flubz/Blueprints/BP_LD45PlayerControllerBase.uasset" 187
"S:/Users/Flubz/Documents/_Flubz/Unreal Projects/LD45/Content/_Flubz/Blueprints/Customer/AIC_CustomerController.uasset" 188
"S:/Users/Flubz/Documents/_Flubz/Unreal Projects/LD45/Content/_Tom/Textures/Expression_Angry.uasset" 189
"S:/Users/Flubz/Documents/_Flubz/Unreal Projects/LD45/Content/_Tom/Materials/NPC_Face_Angry.uasset" 190
"S:/Users/Flubz/Documents/_Flubz/Unreal Projects/LD45/Content/_Tom/Textures/Expression_Dead.uasset" 191
"S:/Users/Flubz/Documents/_Flubz/Unreal Projects/LD45/Content/_Tom/Materials/NPC_Face_Dead.uasset" 192
"S:/Users/Flubz/Documents/_Flubz/Unreal Projects/LD45/Content/_Tom/Textures/Expression_Neutral.uasset" 193
"S:/Users/Flubz/Documents/_Flubz/Unreal Projects/LD45/Content/_Tom/Materials/NPC_Face_Default.uasset" 194
"S:/Users/Flubz/Documents/_Flubz/Unreal Projects/LD45/Content/_Tom/Textures/Expression_Love.uasset" 195
"S:/Users/Flubz/Documents/_Flubz/Unreal Projects/LD45/Content/_Tom/Materials/NPC_Face_Love.uasset" 196
"S:/Users/Flubz/Documents/_Flubz/Unreal Projects/LD45/Content/_Tom/Textures/Expression_Nausea.uasset" 197
"S:/Users/Flubz/Documents/_Flubz/Unreal Projects/LD45/Content/_Tom/Materials/NPC_Face_Nausea.uasset" 198
"S:/Users/Flubz/Documents/_Flubz/Unreal Projects/LD45/Content/_Tom/Textures/Expression_Sick.uasset" 199
"S:/Users/Flubz/Documents/_Flubz/Unreal Projects/LD45/Content/_Tom/Materials/NPC_Face_Sick.uasset" 200
"S:/Users/Flubz/Documents/_Flubz/Unreal Projects/LD45/Content/_Flubz/Blueprints/Widgets/WBP_HealthBar.uasset" 201
"S:/Users/Flubz/Documents/_Flubz/Unreal Projects/LD45/Content/_Flubz/Blueprints/Customer/EBP_CustomerExpression.uasset" 202
"S:/Users/Flubz/Documents/_Flubz/Unreal Projects/LD45/Content/_Tom/Materials/NPC_Bottom.uasset" 203
"S:/Users/Flubz/Documents/_Flubz/Unreal Projects/LD45/Content/_Tom/Materials/NPC_Hat.uasset" 204
"S:/Users/Flubz/Documents/_Flubz/Unreal Projects/LD45/Content/_Tom/Materials/NPC_Jacket.uasset" 205
"S:/Users/Flubz/Documents/_Flubz/Unreal Projects/LD45/Content/_Tom/Materials/NPC_Shirt.uasset" 206
"S:/Users/Flubz/Documents/_Flubz/Unreal Projects/LD45/Content/_Tom/Materials/NPC_Skin.uasset" 207
"S:/Users/Flubz/Documents/_Flubz/Unreal Projects/LD45/Content/_Tom/Models/NPC1_PhysicsAsset.uasset" 208
"S:/Users/Flubz/Documents/_Flubz/Unreal Projects/LD45/Content/_Tom/Models/NPC1.uasset" 209
"S:/Users/Flubz/Documents/_Flubz/Unreal Projects/LD45/Content/_Tom/Materials/NPC_Halo.uasset" 210
"S:/Users/Flubz/Documents/_Flubz/Unreal Projects/LD45/Content/_Tom/Models/NPC2_PhysicsAsset.uasset" 211
"S:/Users/Flubz/Documents/_Flubz/Unreal Projects/LD45/Content/_Tom/Models/NPC2.uasset" 212
"S:/Users/Flubz/Documents/_Flubz/Unreal Projects/LD45/Content/_Flubz/Blueprints/Customer/BP_Customer.uasset" 213
"S:/Users/Flubz/Documents/_Flubz/Unreal Projects/LD45/Content/_Flubz/Blueprints/AI/BP_Customer.uasset" 214
"S:/Users/Flubz/Documents/_Flubz/Unreal Projects/LD45/Content/_Flubz/Blueprints/BP_Customer.uasset" 215
"S:/Users/Flubz/Documents/_Flubz/Unreal Projects/LD45/Content/_Flubz/Blueprints/AI/BP_CustomerSpawner.uasset" 216
"S:/Users/Flubz/Documents/_Flubz/Unreal Projects/LD45/Content/_Flubz/Blueprints/BP_CustomerSpawner.uasset" 217
"S:/Users/Flubz/Documents/_Flubz/Unreal Projects/LD45/Content/_Flubz/Blueprints/BP_LD45GameInstanceBase.uasset" 218
"S:/Users/Flubz/Documents/_Flubz/Unreal Projects/LD45/Content/_Flubz/Blueprints/BP_LD45HUDBase.uasset" 219
"S:/Users/Flubz/Documents/_Flubz/Unreal Projects/LD45/Content/_Flubz/Blueprints/BP_MainPawnBase.uasset" 220
"S:/Users/Flubz/Documents/_Flubz/Unreal Projects/LD45/Content/_Flubz/Blueprints/BP_LD45GameModeBase.uasset" 221
"S:/Users/Flubz/Documents/_Flubz/Unreal Projects/LD45/Content/_Flubz/Blueprints/IBP_ItemInteraction.uasset" 222
"S:/Users/Flubz/Documents/_Flubz/Unreal Projects/LD45/Content/_Flubz/Blueprints/AI/AIC_CustomerController.uasset" 223
"S:/Users/Flubz/Documents/_Flubz/Unreal Projects/LD45/Content/_Flubz/Blueprints/Customer/BB_CharacterAI.uasset" 224
"S:/Users/Flubz/Documents/_Flubz/Unreal Projects/LD45/Content/_Flubz/Blueprints/AI/BB_CharacterAI.uasset" 225
"S:/Users/Flubz/Documents/_Flubz/Unreal Projects/LD45/Content/_Flubz/Blueprints/Customer/BTNode_RandomDirection.uasset" 226
"S:/Users/Flubz/Documents/_Flubz/Unreal Projects/LD45/Content/_Flubz/Blueprints/AI/BTNode_RandomDirection.uasset" 227
"S:/Users/Flubz/Documents/_Flubz/Unreal Projects/LD45/Content/_Flubz/Blueprints/Customer/BT_CharacterAI.uasset" 228
"S:/Users/Flubz/Documents/_Flubz/Unreal Projects/LD45/Content/_Flubz/Blueprints/AI/BT_CharacterAI.uasset" 229
"S:/Users/Flubz/Documents/_Flubz/Unreal Projects/LD45/Content/_Flubz/Blueprints/Game/BP_MainPawnBase.uasset" 230
"S:/Users/Flubz/Documents/_Flubz/Unreal Projects/LD45/Content/_Flubz/Blueprints/Widgets/WBP_CurrentSandwich.uasset" 231
"S:/Users/Flubz/Documents/_Flubz/Unreal Projects/LD45/Content/_Flubz/Blueprints/Widgets/WBP_ItemMenu.uasset" 232
"S:/Users/Flubz/Documents/_Flubz/Unreal Projects/LD45/Content/_Flubz/Blueprints/Widgets/WBP_ItemTab.uasset" 233
"S:/Users/Flubz/Documents/_Flubz/Unreal Projects/LD45/Content/_Flubz/Blueprints/Widgets/WBP_TabButton.uasset" 234
"S:/Users/Flubz/Documents/_Flubz/Unreal Projects/LD45/Content/_Flubz/Materials/Basic/MATI_Basic_Black.uasset" 235
"S:/Users/Flubz/Documents/_Flubz/Unreal Projects/LD45/Content/_Flubz/Materials/Basic/MAT_Basic.uasset" 236
"S:/Users/Flubz/Documents/_Flubz/Unreal Projects/LD45/Content/_Flubz/Materials/Basic/MATI_Basic_Red.uasset" 237
"S:/Users/Flubz/Documents/_Flubz/Unreal Projects/LD45/Content/_Flubz/Materials/Basic/MATI_Basic_Silver.uasset" 238
"S:/Users/Flubz/Documents/_Flubz/Unreal Projects/LD45/Content/_Flubz/Materials/Basic/MATI_Basic_White.uasset" 239
"S:/Users/Flubz/Documents/_Flubz/Unreal Projects/LD45/Content/_Flubz/Materials/Basic/MATI_Basic_Yellow.uasset" 240
"S:/Users/Flubz/Documents/_Flubz/Unreal Projects/LD45/Content/_Flubz/Materials/Basic/MAT_Transparent.uasset" 241
"S:/Users/Flubz/Documents/_Flubz/Unreal Projects/LD45/Content/_Flubz/Materials/Basic/Material/MATI_Basic_1.uasset" 242
"S:/Users/Flubz/Documents/_Flubz/Unreal Projects/LD45/Content/_Fran/Materials/Banner/Banner_MAT.uasset" 243
"S:/Users/Flubz/Documents/_Flubz/Unreal Projects/LD45/Content/_Fran/Materials/Basic/MATI_Basic_Black.uasset" 244
"S:/Users/Flubz/Documents/_Flubz/Unreal Projects/LD45/Content/_Fran/Materials/Basic/MATI_Basic_Red.uasset" 245
"S:/Users/Flubz/Documents/_Flubz/Unreal Projects/LD45/Content/_Fran/Materials/Basic/MATI_Basic_Silver.uasset" 246
"S:/Users/Flubz/Documents/_Flubz/Unreal Projects/LD45/Content/_Fran/Materials/Basic/MATI_Basic_White.uasset" 247
"S:/Users/Flubz/Documents/_Flubz/Unreal Projects/LD45/Content/_Fran/Materials/Basic/MATI_Basic_Yellow.uasset" 248
"S:/Users/Flubz/Documents/_Flubz/Unreal Projects/LD45/Content/_Fran/Materials/Basic/MAT_Basic.uasset" 249
"S:/Users/Flubz/Documents/_Flubz/Unreal Projects/LD45/Content/_Fran/Materials/Basic/MAT_Transparent.uasset" 250
"S:/Users/Flubz/Documents/_Flubz/Unreal Projects/LD45/Content/_Fran/Materials/Basic/Level1/MATI_Basic_1.uasset" 251
"S:/Users/Flubz/Documents/_Flubz/Unreal Projects/LD45/Content/_Fran/Models/lambert1.uasset" 252
"S:/Users/Flubz/Documents/_Flubz/Unreal Projects/LD45/Content/_Fran/Models/lambert2.uasset" 253
"S:/Users/Flubz/Documents/_Flubz/Unreal Projects/LD45/Content/_Fran/Textures/UI/SelectionCircle.uasset" 254
"S:/Users/Flubz/Documents/_Flubz/Unreal Projects/LD45/Content/_Main/MainMenu_BuiltData.uasset" 255
"S:/Users/Flubz/Documents/_Flubz/Unreal Projects/LD45/Content/_Tom/Models/NPC3_Skeleton.uasset" 256
"S:/Users/Flubz/Documents/_Flubz/Unreal Projects/LD45/Content/_Tom/Models/Idle3_Anim.uasset" 257
"S:/Users/Flubz/Documents/_Flubz/Unreal Projects/LD45/Content/_Tom/Models/NPC3.uasset" 258
"S:/Users/Flubz/Documents/_Flubz/Unreal Projects/LD45/Content/_Tom/Models/NPC3_PhysicsAsset.uasset" 259
"S:/Users/Flubz/Documents/_Flubz/Unreal Projects/LD45/Content/_Tom/Models/Static1_Anim.uasset" 260
"S:/Users/Flubz/Documents/_Flubz/Unreal Projects/LD45/Content/_Tom/Models/Static2_Anim.uasset" 261
"S:/Users/Flubz/Documents/_Flubz/Unreal Projects/LD45/Content/_Tom/Models/Static3_Anim.uasset" 262
"S:/Users/Flubz/Documents/_Flubz/Unreal Projects/LD45/Content/_Tom/Models/Walk1_Anim.uasset" 263
"S:/Users/Flubz/Documents/_Flubz/Unreal Projects/LD45/Content/_Tom/Models/Walk2_Anim.uasset" 264
"S:/Users/Flubz/Documents/_Flubz/Unreal Projects/LD45/Content/_Tom/Models/Walk3_Anim.uasset" 265
"../../../Engine/Content/Animation/DefaultAnimCurveCompressionSettings.uasset" 266
"../../../Engine/Content/EngineMaterials/WorldGridMaterial.uasset" 267
"../../../Engine/Content/ArtTools/RenderToTexture/Meshes/S_1_Unit_Plane.uasset" 268
"../../../Engine/Content/BasicShapes/Cone.uasset" 269
"../../../Engine/Content/BasicShapes/Cylinder.uasset" 270
"../../../Engine/Content/EditorLandscapeResources/DataLayer.uasset" 271
"../../../Engine/Content/EditorMaterials/GizmoMaterial.uasset" 272
"../../../Engine/Content/EditorMaterials/MAT_Groups_Toggle.uasset" 273
"../../../Engine/Content/EditorMaterials/MAT_Groups_Visibility.uasset" 274
"../../../Engine/Content/EditorMaterials/PreviewShadowIndicator.uasset" 275
"../../../Engine/Content/EditorMaterials/PreviewShadowIndicatorMaterial.uasset" 276
"../../../Engine/Content/EditorMaterials/MatineeGroups/MAT_ColorTrack.uasset" 277
"../../../Engine/Content/EditorMaterials/MatineeGroups/MAT_Groups_Anim.uasset" 278
"../../../Engine/Content/EditorMaterials/MatineeGroups/MAT_Groups_AudioMaster.uasset" 279
"../../../Engine/Content/EditorMaterials/MatineeGroups/MAT_Groups_Director.uasset" 280
"../../../Engine/Content/EditorMaterials/MatineeGroups/MAT_Groups_Event.uasset" 281
"../../../Engine/Content/EditorMaterials/MatineeGroups/MAT_Groups_Fade.uasset" 282
"../../../Engine/Content/EditorMaterials/MatineeGroups/MAT_Groups_Float.uasset" 283
"../../../Engine/Content/EditorMaterials/MatineeGroups/MAT_Groups_Move.uasset" 284
"../../../Engine/Content/EditorMaterials/MatineeGroups/MAT_Groups_Slomo.uasset" 285
"../../../Engine/Content/EditorMaterials/MatineeGroups/MAT_Groups_Sound.uasset" 286
"../../../Engine/Content/EditorMaterials/MatineeGroups/MAT_Groups_Vector.uasset" 287
"../../../Engine/Content/EditorMaterials/ParticleSystems/PSysThumbnail_NoImage.uasset" 288
"../../../Engine/Content/EditorMaterials/ParticleSystems/PSysThumbnail_OOD.uasset" 289
"../../../Engine/Content/EditorMaterials/Camera/CineMat.uasset" 290
"../../../Engine/Content/EditorMaterials/Camera/MI_CineMat_Rig.uasset" 291
"../../../Engine/Content/EditorMeshes/Camera/SM_CraneRig_Arm.uasset" 292
"../../../Engine/Content/EditorMeshes/Camera/SM_CraneRig_Base.uasset" 293
"../../../Engine/Content/EditorMeshes/Camera/SM_CraneRig_Body.uasset" 294
"../../../Engine/Content/EditorMeshes/Camera/SM_CraneRig_Mount.uasset" 295
"../../../Engine/Content/EditorMeshes/Camera/SM_RailRig_Mount.uasset" 296
"../../../Engine/Content/EditorMeshes/Camera/SM_RailRig_Track.uasset" 297
"../../../Engine/Content/EditorResources/BSPVertex.uasset" 298
"../../../Engine/Content/EditorResources/EmptyActor.uasset" 299
"../../../Engine/Content/EditorResources/S_Actor.uasset" 300
"../../../Engine/Content/EditorResources/S_Note.uasset" 301
"../../../Engine/Content/EditorResources/S_Solver.uasset" 302
"../../../Engine/Content/EditorResources/S_Trigger.uasset" 303
"../../../Engine/Content/EditorResources/AudioIcons/S_AudioComponent_AutoActivate.uasset" 304
"../../../Engine/Content/EditorResources/LightIcons/S_LightError.uasset" 305
"../../../Engine/Content/EditorResources/SequenceRecorder/Countdown.uasset" 306
"../../../Engine/Content/EditorResources/SequenceRecorder/RecordingIndicator.uasset" 307
"../../../Engine/Content/EditorSounds/Notifications/CompileFailed.uasset" 308
"../../../Engine/Content/EditorSounds/Notifications/CompileFailed_Cue.uasset" 309
"../../../Engine/Content/EditorSounds/Notifications/CompileSuccess.uasset" 310
"../../../Engine/Content/EditorSounds/Notifications/CompileStart_Cue.uasset" 311
"../../../Engine/Content/EditorSounds/Notifications/CompileSuccess_Cue.uasset" 312
"../../../Engine/Content/EngineDamageTypes/DmgTypeBP_Environmental.uasset" 313
"../../../Engine/Content/EngineDebugMaterials/HeatmapGradient.uasset" 314
"../../../Engine/Content/EngineDebugMaterials/BoneWeightMaterial.uasset" 315
"../../../Engine/Content/EngineDebugMaterials/ClothMaterial.uasset" 316
"../../../Engine/Content/EngineDebugMaterials/ClothMaterial_WF.uasset" 317
"../../../Engine/Content/EngineDebugMaterials/DebugEditorMaterial.uasset" 318
"../../../Engine/Content/EngineDebugMaterials/DebugMeshMaterial.uasset" 319
"../../../Engine/Content/EngineDebugMaterials/GeomMaterial.uasset" 320
"../../../Engine/Content/EngineDebugMaterials/M_SimpleTranslucent.uasset" 321
"../../../Engine/Content/Functions/Engine_MaterialFunctions02/Utility/CameraDirectionVector.uasset" 322
"../../../Engine/Content/EngineDebugMaterials/VolumeToRender.uasset" 323
"../../../Engine/Content/EngineDebugMaterials/M_VolumeRenderSphereTracePP.uasset" 324
"../../../Engine/Content/EngineDebugMaterials/WireframeMaterial.uasset" 325
"../../../Engine/Content/EngineFonts/Faces/RobotoBold.uasset" 326
"../../../Engine/Content/EngineFonts/Faces/RobotoBoldItalic.uasset" 327
"../../../Engine/Content/EngineFonts/Faces/RobotoItalic.uasset" 328
"../../../Engine/Content/EngineFonts/Faces/RobotoLight.uasset" 329
"../../../Engine/Content/EngineFonts/Faces/RobotoRegular.uasset" 330
"../../../Engine/Content/EngineFonts/Roboto.uasset" 331
"../../../Engine/Content/EngineFonts/Faces/RobotoTiny.uasset" 332
"../../../Engine/Content/EngineFonts/RobotoTiny.uasset" 333
"../../../Engine/Content/EngineMaterials/BaseFlattenDiffuseMap.uasset" 334
"../../../Engine/Content/EngineMaterials/BaseFlattenEmissiveMap.uasset" 335
"../../../Engine/Content/EngineMaterials/BaseFlattenGrayscaleMap.uasset" 336
"../../../Engine/Content/EngineMaterials/BaseFlattenNormalMap.uasset" 337
"../../../Engine/Content/EngineMaterials/BaseFlattenMaterial.uasset" 338
"../../../Engine/Content/EngineMaterials/BlueNoise.uasset" 339
"../../../Engine/Content/EngineMaterials/DefaultBloomKernel.uasset" 340
"../../../Engine/Content/EngineMaterials/DefaultBokeh.uasset" 341
"../../../Engine/Content/EngineMaterials/DefaultDiffuse.uasset" 342
"../../../Engine/Content/EngineMaterials/DefaultDeferredDecalMaterial.uasset" 343
"../../../Engine/Content/EngineMaterials/DefaultLightFunctionMaterial.uasset" 344
"../../../Engine/Content/EngineMaterials/DefaultPhysicalMaterial.uasset" 345
"../../../Engine/Content/Functions/Engine_MaterialFunctions02/Utility/BreakOutFloat2Components.uasset" 346
"../../../Engine/Content/EngineMaterials/DefaultPostProcessMaterial.uasset" 347
"../../../Engine/Content/EngineFonts/RobotoDistanceField.uasset" 348
"../../../Engine/Content/EngineMaterials/DefaultTextMaterialOpaque.uasset" 349
"../../../Engine/Content/EngineMaterials/DefaultVirtualTextureMaterial.uasset" 350
"../../../Engine/Content/EngineMaterials/DefaultWhiteGrid.uasset" 351
"../../../Engine/Content/EngineMaterials/EditorBrushMaterial.uasset" 352
"../../../Engine/Content/EngineMaterials/DefaultWhiteGrid_Low.uasset" 353
"../../../Engine/Content/EngineMaterials/EmissiveMeshMaterial.uasset" 354
"../../../Engine/Content/EngineMaterials/Good64x64TilingNoiseHighFreq.uasset" 355
"../../../Engine/Content/EngineMaterials/MiniFont.uasset" 356
"../../../Engine/Content/EngineMaterials/InvalidLightmapSettings.uasset" 357
"../../../Engine/Content/EngineMaterials/M_InvalidLightmapSettings.uasset" 358
"../../../Engine/Content/Functions/Engine_MaterialFunctions02/WorldPositionOffset/CameraOffset.uasset" 359
"../../../Engine/Content/EngineMaterials/PhAT_JointLimitMaterial.uasset" 360
"../../../Engine/Content/EngineMaterials/PreintegratedSkinBRDF.uasset" 361
"../../../Engine/Content/EngineMaterials/RemoveSurfaceMaterial.uasset" 362
"../../../Engine/Content/EngineMaterials/WeightMapPlaceholderTexture.uasset" 363
"../../../Engine/Content/EngineMaterials/Widget3DPassThrough.uasset" 364
"../../../Engine/Content/EngineMaterials/Widget3DPassThrough_Masked.uasset" 365
"../../../Engine/Content/EngineMaterials/Widget3DPassThrough_Opaque.uasset" 366
"../../../Engine/Content/EngineMaterials/Widget3DPassThrough_Masked_OneSided.uasset" 367
"../../../Engine/Content/EngineMaterials/Widget3DPassThrough_Opaque_OneSided.uasset" 368
"../../../Engine/Content/EngineMaterials/Widget3DPassThrough_Translucent.uasset" 369
"../../../Engine/Content/EngineMaterials/Widget3DPassThrough_Translucent_OneSided.uasset" 370
"../../../Engine/Content/EngineMeshes/Cylinder.uasset" 371
"../../../Engine/Content/EngineMeshes/Sphere.uasset" 372
"../../../Engine/Content/EngineResources/Black.uasset" 373
"../../../Engine/Content/EngineResources/DefaultTexture.uasset" 374
"../../../Engine/Content/EngineResources/DefaultTextureCube.uasset" 375
"../../../Engine/Content/EngineResources/DefaultVolumeTexture2D.uasset" 376
"../../../Engine/Content/EngineResources/DefaultVolumeTexture.uasset" 377
"../../../Engine/Content/EngineResources/GradientTexture0.uasset" 378
"../../../Engine/Content/EngineSounds/Master.uasset" 379
"../../../Engine/Content/Functions/Engine_MaterialFunctions01/Shading/ConvertFromDiffSpec.uasset" 380
"../../../Engine/Content/Functions/Engine_MaterialFunctions01/Shading/PowerToRoughness.uasset" 381
"../../../Engine/Content/Maps/Templates/Thumbnails/Default.uasset" 382
"../../../Engine/Content/Maps/Templates/Thumbnails/VR-Basic.uasset" 383
"../../../Engine/Content/MobileResources/T_MobileControls_texture.uasset" 384
"../../../Engine/Content/MobileResources/T_MobileMenu2.uasset" 385
"../../../Engine/Content/MobileResources/HUD/AnalogHat.uasset" 386
"../../../Engine/Content/MobileResources/HUD/VirtualJoystick_Background.uasset" 387
"../../../Engine/Content/MobileResources/HUD/VirtualJoystick_Thumb.uasset" 388
"../../../Engine/Content/MobileResources/HUD/DefaultVirtualJoysticks.uasset" 389
"../../../Engine/Content/MobileResources/HUD/LeftVirtualJoystickOnly.uasset" 390
"../../../Engine/Content/MobileResources/HUD/MobileHUDButton1_off.uasset" 391
"../../../Engine/Content/MobileResources/HUD/MobileHUDButton1_on.uasset" 392
"../../../Engine/Content/MobileResources/HUD/MobileHUDButton2_off.uasset" 393
"../../../Engine/Content/MobileResources/HUD/MobileHUDButton2_on.uasset" 394
"../../../Engine/Content/MobileResources/HUD/MobileHUDButton3.uasset" 395
"../../../Engine/Content/MobileResources/HUD/MobileHUDButtonFire.uasset" 396
"../../../Engine/Content/MobileResources/HUD/MobileHUDDirectionPad.uasset" 397
"../../../Engine/Content/MobileResources/HUD/MobileHUDDirectionPad2.uasset" 398
"../../../Engine/Content/MobileResources/HUD/MobileHUDDirectionPad3.uasset" 399
"../../../Engine/Content/MobileResources/HUD/MobileHUDDirectionStick.uasset" 400
"../../../Engine/Content/MobileResources/HUD/T_Castle_ThumbstickInner.uasset" 401
"../../../Engine/Content/MobileResources/HUD/T_Castle_ThumbstickOutter.uasset" 402
"../../../Engine/Content/Tutorial/ContentIntroCurve.uasset" 403
"../../../Engine/Content/Tutorial/Basics/LevelEditorAttract.uasset" 404
"../../../Engine/Content/Tutorial/Basics/TutorialAssets/icon_tab_Levels_40x.uasset" 405
"../../../Engine/Content/Tutorial/Basics/LevelEditorOverview.uasset" 406
"../../../Engine/Content/VREditor/LaserPointer/VR_LaserPower_01.uasset" 407
"../../../Engine/Content/VREditor/TransformGizmo/TransformGizmoMaterial.uasset" 408
"../../../Engine/Content/VREditor/TransformGizmo/TranslucentTransformGizmoMaterial.uasset" 409
"../../../Engine/Content/VREditor/TransformGizmo/BoundingBoxCorner.uasset" 410
"../../../Engine/Content/VREditor/TransformGizmo/BoundingBoxEdge.uasset" 411
"../../../Engine/Content/VREditor/TransformGizmo/PlaneTranslationHandle.uasset" 412
"../../../Engine/Content/VREditor/TransformGizmo/Main.uasset" 413
"../../../Engine/Content/VREditor/TransformGizmo/Xray.uasset" 414
"../../../Engine/Content/VREditor/TransformGizmo/SM_Sequencer_Key.uasset" 415
"../../../Engine/Content/VREditor/TransformGizmo/SM_Sequencer_Node.uasset" 416
"../../Plugins/2D/Paper2D/Content/PlaceholderTextures/DummySpriteTexture.uasset" 417
"../../Plugins/2D/Paper2D/Content/DummySprite.uasset" 418
"../../Plugins/2D/Paper2D/Content/DefaultPaperTerrainMaterial.uasset" 419
"../../Plugins/2D/Paper2D/Content/DummySpriteTexture.uasset" 420
"../../Plugins/2D/Paper2D/Content/DefaultSpriteMaterial.uasset" 421
"../../Plugins/2D/Paper2D/Content/MaskedUnlitSpriteMaterial.uasset" 422
"../../Plugins/2D/Paper2D/Content/OpaqueUnlitSpriteMaterial.uasset" 423
"../../Plugins/Runtime/Oculus/OculusVR/Content/OculusMR_RenderTarget.uasset" 424
"../../../Engine/Content/Functions/Engine_MaterialFunctions02/Utility/BreakOutFloat4Components.uasset" 425
"../../../Engine/Content/Functions/Engine_MaterialFunctions02/Utility/MakeFloat2.uasset" 426
"../../../Engine/Content/Functions/Engine_MaterialFunctions02/Utility/MakeFloat3.uasset" 427
"../../Plugins/Runtime/Oculus/OculusVR/Content/Materials/OculusMR_ChromaKey.uasset" 428
"../../Plugins/Runtime/Oculus/OculusVR/Content/Materials/OculusMR_ChromaKey_Lit.uasset" 429
"../../Plugins/Runtime/Oculus/OculusVR/Content/Materials/OculusMR_OpaqueColoredMaterial.uasset" 430
"../../Plugins/Runtime/Oculus/OculusVR/Content/Materials/OculusMR_WhiteMaterial.uasset" 431
"S:/Users/Flubz/Documents/_Flubz/Unreal Projects/LD45/Plugins/FMODStudio/Content/AnimNotify_FMODPlayEvent.uasset" 432
"S:/Users/Flubz/Documents/_Flubz/Unreal Projects/LD45/Content/_Alex/Maps/Main_Menu_BuiltData.uasset" 433
"S:/Users/Flubz/Documents/_Flubz/Unreal Projects/LD45/Content/_Alex/Blueprints/HUD/Main_Menu_HUD.uasset" 434
"S:/Users/Flubz/Documents/_Flubz/Unreal Projects/LD45/Content/_Alex/Materials/Orange.uasset" 435
"S:/Users/Flubz/Documents/_Flubz/Unreal Projects/LD45/Content/_Alex/Models/Leaf.uasset" 436
"S:/Users/Flubz/Documents/_Flubz/Unreal Projects/LD45/Content/_Alex/VFX/Leaf.uasset" 437
"S:/Users/Flubz/Documents/_Flubz/Unreal Projects/LD45/Content/_Alex/Maps/Main_Menu.umap" 438
"S:/Users/Flubz/Documents/_Flubz/Unreal Projects/LD45/Content/_Alex/Maps/TempLevel.umap" 439
"../../../Engine/Content/EngineSky/C_Sky_Cloud_Color.uasset" 440
"../../../Engine/Content/EngineSky/C_Sky_Horizon_Color.uasset" 441
"../../../Engine/Content/EngineSky/C_Sky_Zenith_Color.uasset" 442
"../../../Engine/Content/EngineSky/T_Sky_Blue.uasset" 443
"../../../Engine/Content/EngineSky/T_Sky_Clouds_M.uasset" 444
"../../../Engine/Content/EngineSky/T_Sky_Stars.uasset" 445
"../../../Engine/Content/EngineSky/M_Sky_Panning_Clouds2.uasset" 446
"../../../Engine/Content/EngineSky/SM_SkySphere.uasset" 447
"../../../Engine/Content/EngineSky/BP_Sky_Sphere.uasset" 448
"../../../Engine/Content/BasicShapes/Cube.uasset" 449
"S:/Users/Flubz/Documents/_Flubz/Unreal Projects/LD45/Content/_Flubz/Maps/MainMap.umap" 450
"S:/Users/Flubz/Documents/_Flubz/Unreal Projects/LD45/Content/_Fran/Models/FoodStand.uasset" 451
"S:/Users/Flubz/Documents/_Flubz/Unreal Projects/LD45/Content/_Fran/Materials/House/House01/House01_AO.uasset" 452
"S:/Users/Flubz/Documents/_Flubz/Unreal Projects/LD45/Content/_Fran/Materials/House/House01/House01_BaseColor.uasset" 453
"S:/Users/Flubz/Documents/_Flubz/Unreal Projects/LD45/Content/_Fran/Materials/House/House01/House01_Var01_MAT.uasset" 454
"S:/Users/Flubz/Documents/_Flubz/Unreal Projects/LD45/Content/_Fran/Models/House01.uasset" 455
"S:/Users/Flubz/Documents/_Flubz/Unreal Projects/LD45/Content/_Fran/Materials/House/House01/House01_AO_VAR02.uasset" 456
"S:/Users/Flubz/Documents/_Flubz/Unreal Projects/LD45/Content/_Fran/Materials/House/House01/House01_BaseColor_VAR02.uasset" 457
"S:/Users/Flubz/Documents/_Flubz/Unreal Projects/LD45/Content/_Fran/Materials/House/House01/House01_Var02_MAT.uasset" 458
"S:/Users/Flubz/Documents/_Flubz/Unreal Projects/LD45/Content/_Fran/Models/House01_VAR02.uasset" 459
"S:/Users/Flubz/Documents/_Flubz/Unreal Projects/LD45/Content/_Fran/Materials/Road/Road_AO.uasset" 460
"S:/Users/Flubz/Documents/_Flubz/Unreal Projects/LD45/Content/_Fran/Materials/Road/Road_BaseColor.uasset" 461
"S:/Users/Flubz/Documents/_Flubz/Unreal Projects/LD45/Content/_Fran/Materials/Road/Road_MAT.uasset" 462
"S:/Users/Flubz/Documents/_Flubz/Unreal Projects/LD45/Content/_Fran/Models/Pavement.uasset" 463
"S:/Users/Flubz/Documents/_Flubz/Unreal Projects/LD45/Content/_Fran/Models/Road.uasset" 464
"S:/Users/Flubz/Documents/_Flubz/Unreal Projects/LD45/Content/_Flubz/Maps/TestMap_Fran1.umap" 465
"S:/Users/Flubz/Documents/_Flubz/Unreal Projects/LD45/Content/_Fran/Maps/Lighting_MAP_BuiltData.uasset" 466
"../../../Engine/Content/BasicShapes/Plane.uasset" 467
"S:/Users/Flubz/Documents/_Flubz/Unreal Projects/LD45/Content/_Fran/Maps/Lighting_MAP.umap" 468
"S:/Users/Flubz/Documents/_Flubz/Unreal Projects/LD45/Content/_Fran/Maps/TestMap_Fran_BuiltData.uasset" 469
"S:/Users/Flubz/Documents/_Flubz/Unreal Projects/LD45/Content/_Fran/Materials/Car/Car01/Car_AO.uasset" 470
"S:/Users/Flubz/Documents/_Flubz/Unreal Projects/LD45/Content/_Fran/Materials/Car/Car01/Car_BaseColor.uasset" 471
"S:/Users/Flubz/Documents/_Flubz/Unreal Projects/LD45/Content/_Fran/Materials/Car/Car01/Car01_MAT.uasset" 472
"S:/Users/Flubz/Documents/_Flubz/Unreal Projects/LD45/Content/_Fran/Models/Car.uasset" 473
"S:/Users/Flubz/Documents/_Flubz/Unreal Projects/LD45/Content/_Fran/Materials/Car/Car02/Car_AO.uasset" 474
"S:/Users/Flubz/Documents/_Flubz/Unreal Projects/LD45/Content/_Fran/Materials/Car/Car02/Car_BaseColor.uasset" 475
"S:/Users/Flubz/Documents/_Flubz/Unreal Projects/LD45/Content/_Fran/Materials/Car/Car02/Car02_MAT.uasset" 476
"S:/Users/Flubz/Documents/_Flubz/Unreal Projects/LD45/Content/_Fran/Models/Car02.uasset" 477
"S:/Users/Flubz/Documents/_Flubz/Unreal Projects/LD45/Content/_Fran/Materials/House/House03/House02_AO.uasset" 478
"S:/Users/Flubz/Documents/_Flubz/Unreal Projects/LD45/Content/_Fran/Materials/House/House03/House02_BaseColor.uasset" 479
"S:/Users/Flubz/Documents/_Flubz/Unreal Projects/LD45/Content/_Fran/Materials/House/House03/House02_VAR01_MAT.uasset" 480
"S:/Users/Flubz/Documents/_Flubz/Unreal Projects/LD45/Content/_Fran/Models/House02.uasset" 481
"S:/Users/Flubz/Documents/_Flubz/Unreal Projects/LD45/Content/_Fran/Materials/House/House04/House02_AO.uasset" 482
"S:/Users/Flubz/Documents/_Flubz/Unreal Projects/LD45/Content/_Fran/Materials/House/House04/House02_BaseColor.uasset" 483
"S:/Users/Flubz/Documents/_Flubz/Unreal Projects/LD45/Content/_Fran/Materials/House/House04/House02_VAR02_MAT.uasset" 484
"S:/Users/Flubz/Documents/_Flubz/Unreal Projects/LD45/Content/_Fran/Models/House02_VAR02.uasset" 485
"S:/Users/Flubz/Documents/_Flubz/Unreal Projects/LD45/Content/_Fran/Materials/Dirt/Dirt_MAT.uasset" 486
"S:/Users/Flubz/Documents/_Flubz/Unreal Projects/LD45/Content/_Fran/Models/Plane.uasset" 487
"S:/Users/Flubz/Documents/_Flubz/Unreal Projects/LD45/Content/_Fran/Materials/StreetLamp/Streetlamp_AO.uasset" 488
"S:/Users/Flubz/Documents/_Flubz/Unreal Projects/LD45/Content/_Fran/Materials/StreetLamp/Streetlamp_BaseColor.uasset" 489
"S:/Users/Flubz/Documents/_Flubz/Unreal Projects/LD45/Content/_Fran/Materials/StreetLamp/StreetLamp_MAT.uasset" 490
"S:/Users/Flubz/Documents/_Flubz/Unreal Projects/LD45/Content/_Fran/Models/Streetlamp.uasset" 491
"S:/Users/Flubz/Documents/_Flubz/Unreal Projects/LD45/Content/_Fran/Materials/Trees/Trees_AO.uasset" 492
"S:/Users/Flubz/Documents/_Flubz/Unreal Projects/LD45/Content/_Fran/Materials/Trees/Trees_BaseColor.uasset" 493
"S:/Users/Flubz/Documents/_Flubz/Unreal Projects/LD45/Content/_Fran/Materials/Trees/Tree_MAT.uasset" 494
"S:/Users/Flubz/Documents/_Flubz/Unreal Projects/LD45/Content/_Fran/Models/Tree01.uasset" 495
"S:/Users/Flubz/Documents/_Flubz/Unreal Projects/LD45/Content/_Fran/Models/Tree02.uasset" 496
"S:/Users/Flubz/Documents/_Flubz/Unreal Projects/LD45/Content/_Fran/Models/Tree03.uasset" 497
"S:/Users/Flubz/Documents/_Flubz/Unreal Projects/LD45/Content/_Fran/Maps/TestMap_Fran.umap" 498
"S:/Users/Flubz/Documents/_Flubz/Unreal Projects/LD45/Content/_Flubz/Blueprints/BP_MainMenuPawn.uasset" 499
"S:/Users/Flubz/Documents/_Flubz/Unreal Projects/LD45/Content/_Flubz/Blueprints/BP_GM_MainMenu.uasset" 500
"S:/Users/Flubz/Documents/_Flubz/Unreal Projects/LD45/Content/_Main/MainMenu.umap" 501
"../../../Engine/Content/Maps/Entry_BuiltData.uasset" 502
"../../../Engine/Content/Maps/Entry.umap" 503
